# JRE version: Java(TM) SE Runtime Environment (9.0+11) (build 9.0.4+11)
# Java VM: Java HotSpot(TM) 64-Bit Server VM (9.0.4+11, mixed mode, tiered, compressed oops, g1 gc, windows-amd64)
Heap:
 garbage-first heap   total 556032K, used 193593K [0x0000000700000000, 0x00000007001010f8, 0x00000007c0000000)
  region size 1024K, 24 young (24576K), 1 survivors (1024K)
 Metaspace       used 105702K, capacity 108045K, committed 114816K, reserved 1148928K
  class space    used 14339K, capacity 14811K, committed 16256K, reserved 1048576K
GC Heap History (10 events):
Event: 18386.969 GC heap before
{Heap before GC invocations=3142 (full 973):
 garbage-first heap   total 556032K, used 228384K [0x0000000700000000, 0x00000007001010f8, 0x00000007c0000000)
  region size 1024K, 53 young (54272K), 1 survivors (1024K)
 Metaspace       used 105701K, capacity 108045K, committed 114816K, reserved 1148928K
  class space    used 14339K, capacity 14811K, committed 16256K, reserved 1048576K
}
Event: 18387.205 GC heap after
{Heap after GC invocations=3143 (full 974):
 garbage-first heap   total 556032K, used 170574K [0x0000000700000000, 0x00000007001010f8, 0x00000007c0000000)
  region size 1024K, 0 young (0K), 0 survivors (0K)
 Metaspace       used 105701K, capacity 108045K, committed 114816K, reserved 1148928K
  class space    used 14339K, capacity 14811K, committed 16256K, reserved 1048576K
}
Event: 18387.385 GC heap before
{Heap before GC invocations=3143 (full 974):
 garbage-first heap   total 556032K, used 232014K [0x0000000700000000, 0x00000007001010f8, 0x00000007c0000000)
  region size 1024K, 60 young (61440K), 0 survivors (0K)
 Metaspace       used 105701K, capacity 108045K, committed 114816K, reserved 1148928K
  class space    used 14339K, capacity 14811K, committed 16256K, reserved 1048576K
}
Event: 18387.387 GC heap after
{Heap after GC invocations=3144 (full 974):
 garbage-first heap   total 556032K, used 171008K [0x0000000700000000, 0x00000007001010f8, 0x00000007c0000000)
  region size 1024K, 1 young (1024K), 1 survivors (1024K)
 Metaspace       used 105701K, capacity 108045K, committed 114816K, reserved 1148928K
  class space    used 14339K, capacity 14811K, committed 16256K, reserved 1048576K
}
Event: 18388.079 GC heap before
{Heap before GC invocations=3144 (full 974):
 garbage-first heap   total 556032K, used 231424K [0x0000000700000000, 0x00000007001010f8, 0x00000007c0000000)
  region size 1024K, 60 young (61440K), 1 survivors (1024K)
 Metaspace       used 105701K, capacity 108045K, committed 114816K, reserved 1148928K
  class space    used 14339K, capacity 14811K, committed 16256K, reserved 1048576K
}
Event: 18388.081 GC heap after
{Heap after GC invocations=3145 (full 974):
 garbage-first heap   total 556032K, used 170975K [0x0000000700000000, 0x00000007001010f8, 0x00000007c0000000)
  region size 1024K, 1 young (1024K), 1 survivors (1024K)
 Metaspace       used 105701K, capacity 108045K, committed 114816K, reserved 1148928K
  class space    used 14339K, capacity 14811K, committed 16256K, reserved 1048576K
}
Event: 18388.570 GC heap before
{Heap before GC invocations=3145 (full 974):
 garbage-first heap   total 556032K, used 231391K [0x0000000700000000, 0x00000007001010f8, 0x00000007c0000000)
  region size 1024K, 60 young (61440K), 1 survivors (1024K)
 Metaspace       used 105701K, capacity 108045K, committed 114816K, reserved 1148928K
  class space    used 14339K, capacity 14811K, committed 16256K, reserved 1048576K
}
Event: 18388.573 GC heap after
{Heap after GC invocations=3146 (full 974):
 garbage-first heap   total 556032K, used 170962K [0x0000000700000000, 0x00000007001010f8, 0x00000007c0000000)
  region size 1024K, 1 young (1024K), 1 survivors (1024K)
 Metaspace       used 105701K, capacity 108045K, committed 114816K, reserved 1148928K
  class space    used 14339K, capacity 14811K, committed 16256K, reserved 1048576K
}
Event: 18388.804 GC heap before
{Heap before GC invocations=3146 (full 974):
 garbage-first heap   total 556032K, used 231378K [0x0000000700000000, 0x00000007001010f8, 0x00000007c0000000)
  region size 1024K, 60 young (61440K), 1 survivors (1024K)
 Metaspace       used 105701K, capacity 108045K, committed 114816K, reserved 1148928K
  class space    used 14339K, capacity 14811K, committed 16256K, reserved 1048576K
}
Event: 18388.807 GC heap after
{Heap after GC invocations=3147 (full 974):
 garbage-first heap   total 556032K, used 171065K [0x0000000700000000, 0x00000007001010f8, 0x00000007c0000000)
  region size 1024K, 1 young (1024K), 1 survivors (1024K)
 Metaspace       used 105701K, capacity 108045K, committed 114816K, reserved 1148928K
  class space    used 14339K, capacity 14811K, committed 16256K, reserved 1048576K
}

