# JRE version: Java(TM) SE Runtime Environment (9.0+11) (build 9.0.4+11)
# Java VM: Java HotSpot(TM) 64-Bit Server VM (9.0.4+11, mixed mode, tiered, compressed oops, g1 gc, windows-amd64)
Heap:
 garbage-first heap   total 267264K, used 109669K [0x0000000700000000, 0x0000000700100828, 0x00000007c0000000)
  region size 1024K, 31 young (31744K), 2 survivors (2048K)
 Metaspace       used 85092K, capacity 86931K, committed 94412K, reserved 1130496K
  class space    used 10799K, capacity 11212K, committed 12800K, reserved 1048576K
GC Heap History (10 events):
Event: 23500.689 GC heap before
{Heap before GC invocations=2382 (full 412):
 garbage-first heap   total 267264K, used 141220K [0x0000000700000000, 0x0000000700100828, 0x00000007c0000000)
  region size 1024K, 60 young (61440K), 1 survivors (1024K)
 Metaspace       used 85088K, capacity 86931K, committed 94412K, reserved 1130496K
  class space    used 10799K, capacity 11212K, committed 12800K, reserved 1048576K
}
Event: 23500.692 GC heap after
{Heap after GC invocations=2383 (full 412):
 garbage-first heap   total 267264K, used 80873K [0x0000000700000000, 0x0000000700100828, 0x00000007c0000000)
  region size 1024K, 1 young (1024K), 1 survivors (1024K)
 Metaspace       used 85088K, capacity 86931K, committed 94412K, reserved 1130496K
  class space    used 10799K, capacity 11212K, committed 12800K, reserved 1048576K
}
Event: 23502.386 GC heap before
{Heap before GC invocations=2383 (full 412):
 garbage-first heap   total 267264K, used 141289K [0x0000000700000000, 0x0000000700100828, 0x00000007c0000000)
  region size 1024K, 60 young (61440K), 1 survivors (1024K)
 Metaspace       used 85090K, capacity 86931K, committed 94412K, reserved 1130496K
  class space    used 10799K, capacity 11212K, committed 12800K, reserved 1048576K
}
Event: 23502.388 GC heap after
{Heap after GC invocations=2384 (full 412):
 garbage-first heap   total 267264K, used 80904K [0x0000000700000000, 0x0000000700100828, 0x00000007c0000000)
  region size 1024K, 1 young (1024K), 1 survivors (1024K)
 Metaspace       used 85090K, capacity 86931K, committed 94412K, reserved 1130496K
  class space    used 10799K, capacity 11212K, committed 12800K, reserved 1048576K
}
Event: 23502.553 GC heap before
{Heap before GC invocations=2384 (full 412):
 garbage-first heap   total 267264K, used 141320K [0x0000000700000000, 0x0000000700100828, 0x00000007c0000000)
  region size 1024K, 60 young (61440K), 1 survivors (1024K)
 Metaspace       used 85090K, capacity 86931K, committed 94412K, reserved 1130496K
  class space    used 10799K, capacity 11212K, committed 12800K, reserved 1048576K
}
Event: 23502.556 GC heap after
{Heap after GC invocations=2385 (full 412):
 garbage-first heap   total 267264K, used 80826K [0x0000000700000000, 0x0000000700100828, 0x00000007c0000000)
  region size 1024K, 1 young (1024K), 1 survivors (1024K)
 Metaspace       used 85090K, capacity 86931K, committed 94412K, reserved 1130496K
  class space    used 10799K, capacity 11212K, committed 12800K, reserved 1048576K
}
Event: 23502.601 GC heap before
{Heap before GC invocations=2385 (full 412):
 garbage-first heap   total 267264K, used 141242K [0x0000000700000000, 0x0000000700100828, 0x00000007c0000000)
  region size 1024K, 60 young (61440K), 1 survivors (1024K)
 Metaspace       used 85090K, capacity 86931K, committed 94412K, reserved 1130496K
  class space    used 10799K, capacity 11212K, committed 12800K, reserved 1048576K
}
Event: 23502.604 GC heap after
{Heap after GC invocations=2386 (full 412):
 garbage-first heap   total 267264K, used 80809K [0x0000000700000000, 0x0000000700100828, 0x00000007c0000000)
  region size 1024K, 1 young (1024K), 1 survivors (1024K)
 Metaspace       used 85090K, capacity 86931K, committed 94412K, reserved 1130496K
  class space    used 10799K, capacity 11212K, committed 12800K, reserved 1048576K
}
Event: 23507.738 GC heap before
{Heap before GC invocations=2386 (full 412):
 garbage-first heap   total 267264K, used 141225K [0x0000000700000000, 0x0000000700100828, 0x00000007c0000000)
  region size 1024K, 60 young (61440K), 1 survivors (1024K)
 Metaspace       used 85092K, capacity 86931K, committed 94412K, reserved 1130496K
  class space    used 10799K, capacity 11212K, committed 12800K, reserved 1048576K
}
Event: 23507.742 GC heap after
{Heap after GC invocations=2387 (full 412):
 garbage-first heap   total 267264K, used 80997K [0x0000000700000000, 0x0000000700100828, 0x00000007c0000000)
  region size 1024K, 2 young (2048K), 2 survivors (2048K)
 Metaspace       used 85092K, capacity 86931K, committed 94412K, reserved 1130496K
  class space    used 10799K, capacity 11212K, committed 12800K, reserved 1048576K
}

